-------------------------------------------------------------------------------
Test set: com.example.GroupQueryTest
-------------------------------------------------------------------------------
Tests run: 1, Failures: 0, Errors: 1, Skipped: 0, Time elapsed: 4.378 s <<< FAILURE! - in com.example.GroupQueryTest
allGroups  Time elapsed: 0.878 s  <<< ERROR!
com.netflix.graphql.dgs.exceptions.QueryException: The field at path '/groups[0]/items' was declared as a non null type, but the code involved in retrieving data has wrongly returned a null value.  The graphql specification requires that the parent field be set to null, or if that is non nullable that it bubble up null to its parent and so on. The non-nullable type is '[ItemRange!]' within parent type 'DefinedGroup'
	at com.example.GroupQueryTest.allGroups(GroupQueryTest.java:44)

