<?xml version="1.0" encoding="UTF-8"?>
<testsuite xmlns:xsi="http://www.w3.org/2001/XMLSchema-instance" xsi:noNamespaceSchemaLocation="https://maven.apache.org/surefire/maven-surefire-plugin/xsd/surefire-test-report.xsd" name="com.example.GroupQueryTest" time="4.378" tests="1" errors="1" skipped="0" failures="0">
  <properties>
[...]
</properties>
  <testcase name="allGroups" classname="com.example.GroupQueryTest" time="0.878">
    <error message="The field at path &apos;/groups[0]/items&apos; was declared as a non null type, but the code involved in retrieving data has wrongly returned a null value.  The graphql specification requires that the parent field be set to null, or if that is non nullable that it bubble up null to its parent and so on. The non-nullable type is &apos;[ItemRange!]&apos; within parent type &apos;DefinedGroup&apos;" type="com.netflix.graphql.dgs.exceptions.QueryException">com.netflix.graphql.dgs.exceptions.QueryException: The field at path '/groups[0]/items' was declared as a non null type, but the code involved in retrieving data has wrongly returned a null value.  The graphql specification requires that the parent field be set to null, or if that is non nullable that it bubble up null to its parent and so on. The non-nullable type is '[ItemRange!]' within parent type 'DefinedGroup'
	at com.example.GroupQueryTest.allGroups(GroupQueryTest.java:44)
</error>
    <system-out><![CDATA[13:32:36.082 [main] DEBUG org.springframework.test.context.BootstrapUtils - Instantiating CacheAwareContextLoaderDelegate from class [org.springframework.test.context.cache.DefaultCacheAwareContextLoaderDelegate]
13:32:36.104 [main] DEBUG org.springframework.test.context.BootstrapUtils - Instantiating BootstrapContext using constructor [public org.springframework.test.context.support.DefaultBootstrapContext(java.lang.Class,org.springframework.test.context.CacheAwareContextLoaderDelegate)]
13:32:36.166 [main] DEBUG org.springframework.test.context.BootstrapUtils - Instantiating TestContextBootstrapper for test class [com.example.GroupQueryTest] from class [org.springframework.boot.test.context.SpringBootTestContextBootstrapper]
13:32:36.185 [main] INFO org.springframework.boot.test.context.SpringBootTestContextBootstrapper - Neither @ContextConfiguration nor @ContextHierarchy found for test class [com.example.GroupQueryTest], using SpringBootContextLoader
13:32:36.188 [main] DEBUG org.springframework.test.context.support.AbstractContextLoader - Did not detect default resource location for test class [com.example.GroupQueryTest]: class path resource [com/example/GroupQueryTest-context.xml] does not exist
13:32:36.189 [main] DEBUG org.springframework.test.context.support.AbstractContextLoader - Did not detect default resource location for test class [com.example.GroupQueryTest]: class path resource [com/example/GroupQueryTestContext.groovy] does not exist
13:32:36.189 [main] INFO org.springframework.test.context.support.AbstractContextLoader - Could not detect default resource locations for test class [com.example.GroupQueryTest]: no resource found for suffixes {-context.xml, Context.groovy}.
13:32:36.249 [main] DEBUG org.springframework.test.context.support.ActiveProfilesUtils - Could not find an 'annotation declaring class' for annotation type [org.springframework.test.context.ActiveProfiles] and class [com.example.GroupQueryTest]
13:32:36.465 [main] DEBUG org.springframework.boot.test.context.SpringBootTestContextBootstrapper - @TestExecutionListeners is not present for class [com.example.GroupQueryTest]: using defaults.
13:32:36.466 [main] INFO org.springframework.boot.test.context.SpringBootTestContextBootstrapper - Loaded default TestExecutionListener class names from location [META-INF/spring.factories]: [org.springframework.boot.test.mock.mockito.MockitoTestExecutionListener, org.springframework.boot.test.mock.mockito.ResetMocksTestExecutionListener, org.springframework.boot.test.autoconfigure.restdocs.RestDocsTestExecutionListener, org.springframework.boot.test.autoconfigure.web.client.MockRestServiceServerResetTestExecutionListener, org.springframework.boot.test.autoconfigure.web.servlet.MockMvcPrintOnlyOnFailureTestExecutionListener, org.springframework.boot.test.autoconfigure.web.servlet.WebDriverTestExecutionListener, org.springframework.boot.test.autoconfigure.webservices.client.MockWebServiceServerTestExecutionListener, org.springframework.test.context.web.ServletTestExecutionListener, org.springframework.test.context.support.DirtiesContextBeforeModesTestExecutionListener, org.springframework.test.context.event.ApplicationEventsTestExecutionListener, org.springframework.test.context.support.DependencyInjectionTestExecutionListener, org.springframework.test.context.support.DirtiesContextTestExecutionListener, org.springframework.test.context.transaction.TransactionalTestExecutionListener, org.springframework.test.context.jdbc.SqlScriptsTestExecutionListener, org.springframework.test.context.event.EventPublishingTestExecutionListener]
13:32:36.485 [main] DEBUG org.springframework.boot.test.context.SpringBootTestContextBootstrapper - Skipping candidate TestExecutionListener [org.springframework.test.context.transaction.TransactionalTestExecutionListener] due to a missing dependency. Specify custom listener classes or make the default listener classes and their required dependencies available. Offending class: [org/springframework/transaction/interceptor/TransactionAttributeSource]
13:32:36.485 [main] DEBUG org.springframework.boot.test.context.SpringBootTestContextBootstrapper - Skipping candidate TestExecutionListener [org.springframework.test.context.jdbc.SqlScriptsTestExecutionListener] due to a missing dependency. Specify custom listener classes or make the default listener classes and their required dependencies available. Offending class: [org/springframework/transaction/interceptor/TransactionAttribute]
13:32:36.486 [main] INFO org.springframework.boot.test.context.SpringBootTestContextBootstrapper - Using TestExecutionListeners: [org.springframework.test.context.web.ServletTestExecutionListener@506ae4d4, org.springframework.test.context.support.DirtiesContextBeforeModesTestExecutionListener@7d4f9aae, org.springframework.test.context.event.ApplicationEventsTestExecutionListener@72e5a8e, org.springframework.boot.test.mock.mockito.MockitoTestExecutionListener@54e1c68b, org.springframework.boot.test.autoconfigure.SpringBootDependencyInjectionTestExecutionListener@53aac487, org.springframework.test.context.support.DirtiesContextTestExecutionListener@52b1beb6, org.springframework.test.context.event.EventPublishingTestExecutionListener@273e7444, org.springframework.boot.test.mock.mockito.ResetMocksTestExecutionListener@7db12bb6, org.springframework.boot.test.autoconfigure.restdocs.RestDocsTestExecutionListener@783a467b, org.springframework.boot.test.autoconfigure.web.client.MockRestServiceServerResetTestExecutionListener@272113c4, org.springframework.boot.test.autoconfigure.web.servlet.MockMvcPrintOnlyOnFailureTestExecutionListener@73e9cf30, org.springframework.boot.test.autoconfigure.web.servlet.WebDriverTestExecutionListener@771a660, org.springframework.boot.test.autoconfigure.webservices.client.MockWebServiceServerTestExecutionListener@2d52216b]
13:32:36.493 [main] DEBUG org.springframework.test.context.support.AbstractDirtiesContextTestExecutionListener - Before test class: context [DefaultTestContext@6fdbe764 testClass = GroupQueryTest, testInstance = [null], testMethod = [null], testException = [null], mergedContextConfiguration = [WebMergedContextConfiguration@51c668e3 testClass = GroupQueryTest, locations = '{}', classes = '{class com.netflix.graphql.dgs.autoconfig.DgsAutoConfiguration, class com.example.GroupQuery, class com.example.DefinedGroupResolver, class com.example.GroupService}', contextInitializerClasses = '[]', activeProfiles = '{}', propertySourceLocations = '{}', propertySourceProperties = '{org.springframework.boot.test.context.SpringBootTestContextBootstrapper=true}', contextCustomizers = set[org.springframework.boot.test.context.filter.ExcludeFilterContextCustomizer@1a451d4d, org.springframework.boot.test.json.DuplicateJsonObjectContextCustomizerFactory$DuplicateJsonObjectContextCustomizer@5fdcaa40, org.springframework.boot.test.mock.mockito.MockitoContextCustomizer@0, org.springframework.boot.test.web.client.TestRestTemplateContextCustomizer@4fb0f2b9, org.springframework.boot.test.autoconfigure.actuate.metrics.MetricsExportContextCustomizerFactory$DisableMetricExportContextCustomizer@67d48005, org.springframework.boot.test.autoconfigure.properties.PropertyMappingContextCustomizer@0, org.springframework.boot.test.autoconfigure.web.servlet.WebDriverContextCustomizerFactory$Customizer@35cabb2a, org.springframework.boot.test.context.SpringBootTestArgs@1, org.springframework.boot.test.context.SpringBootTestWebEnvironment@475530b9], resourceBasePath = 'src/main/webapp', contextLoader = 'org.springframework.boot.test.context.SpringBootContextLoader', parent = [null]], attributes = map['org.springframework.test.context.web.ServletTestExecutionListener.activateListener' -> true]], class annotated with @DirtiesContext [false] with mode [null].
13:32:36.546 [main] DEBUG org.springframework.test.context.support.TestPropertySourceUtils - Adding inlined properties to environment: {spring.jmx.enabled=false, org.springframework.boot.test.context.SpringBootTestContextBootstrapper=true}

  .   ____          _            __ _ _
 /\\ / ___'_ __ _ _(_)_ __  __ _ \ \ \ \
( ( )\___ | '_ | '_| | '_ \/ _` | \ \ \ \
 \\/  ___)| |_)| | | | | || (_| |  ) ) ) )
  '  |____| .__|_| |_|_| |_\__, | / / / /
 =========|_|==============|___/=/_/_/_/
 :: Spring Boot ::                (v2.4.8)

2021-09-22 13:32:37.048  INFO 45600 --- [           main] com.example.GroupQueryTest               : Starting GroupQueryTest using Java 1.8.0_201 on HENRY with PID 45600 (started by Steve in C:\work\temp\dgs-example)
2021-09-22 13:32:37.052  INFO 45600 --- [           main] com.example.GroupQueryTest               : No active profile set, falling back to default profiles: default
2021-09-22 13:32:39.460  INFO 45600 --- [           main] com.example.GroupQueryTest               : Started GroupQueryTest in 2.905 seconds (JVM running for 4.56)
2021-09-22 13:32:40.335 ERROR 45600 --- [           main] c.n.g.d.i.DefaultDgsQueryExecutor        : The field at path '/groups[0]/items' was declared as a non null type, but the code involved in retrieving data has wrongly returned a null value.  The graphql specification requires that the parent field be set to null, or if that is non nullable that it bubble up null to its parent and so on. The non-nullable type is '[ItemRange!]' within parent type 'DefinedGroup'
]]></system-out>
  </testcase>
</testsuite>