<?xml version="1.0" encoding="UTF-8"?>
<testsuite xmlns:xsi="http://www.w3.org/2001/XMLSchema-instance" xsi:noNamespaceSchemaLocation="https://maven.apache.org/surefire/maven-surefire-plugin/xsd/surefire-test-report-3.0.xsd" version="3.0" name="com.collins.railwaynet.ris.api.MessageHistoryQueryTest" time="0.497" tests="5" errors="0" skipped="0" failures="0">
  <properties>
[...]
</properties>
  <testcase name="firstAfterLog1" classname="com.collins.railwaynet.ris.api.MessageHistoryQueryTest" time="0.05">
    <system-out><![CDATA[2021-09-20 20:45:23.967  INFO 43112 --- [           main] .b.t.c.SpringBootTestContextBootstrapper : Neither @ContextConfiguration nor @ContextHierarchy found for test class [com.collins.railwaynet.ris.api.MessageHistoryQueryTest], using SpringBootContextLoader
2021-09-20 20:45:23.968  INFO 43112 --- [           main] o.s.t.c.support.AbstractContextLoader    : Could not detect default resource locations for test class [com.collins.railwaynet.ris.api.MessageHistoryQueryTest]: no resource found for suffixes {-context.xml, Context.groovy}.
2021-09-20 20:45:23.975  INFO 43112 --- [           main] .b.t.c.SpringBootTestContextBootstrapper : Loaded default TestExecutionListener class names from location [META-INF/spring.factories]: [org.springframework.boot.test.mock.mockito.MockitoTestExecutionListener, org.springframework.boot.test.mock.mockito.ResetMocksTestExecutionListener, org.springframework.boot.test.autoconfigure.restdocs.RestDocsTestExecutionListener, org.springframework.boot.test.autoconfigure.web.client.MockRestServiceServerResetTestExecutionListener, org.springframework.boot.test.autoconfigure.web.servlet.MockMvcPrintOnlyOnFailureTestExecutionListener, org.springframework.boot.test.autoconfigure.web.servlet.WebDriverTestExecutionListener, org.springframework.boot.test.autoconfigure.webservices.client.MockWebServiceServerTestExecutionListener, org.springframework.test.context.web.ServletTestExecutionListener, org.springframework.test.context.support.DirtiesContextBeforeModesTestExecutionListener, org.springframework.test.context.event.ApplicationEventsTestExecutionListener, org.springframework.test.context.support.DependencyInjectionTestExecutionListener, org.springframework.test.context.support.DirtiesContextTestExecutionListener, org.springframework.test.context.transaction.TransactionalTestExecutionListener, org.springframework.test.context.jdbc.SqlScriptsTestExecutionListener, org.springframework.test.context.event.EventPublishingTestExecutionListener]
2021-09-20 20:45:23.975  INFO 43112 --- [           main] .b.t.c.SpringBootTestContextBootstrapper : Using TestExecutionListeners: [org.springframework.test.context.web.ServletTestExecutionListener@7698a3d9, org.springframework.test.context.support.DirtiesContextBeforeModesTestExecutionListener@4b62f1ba, org.springframework.test.context.event.ApplicationEventsTestExecutionListener@39dce2df, org.springframework.boot.test.mock.mockito.MockitoTestExecutionListener@662d3e85, org.springframework.boot.test.autoconfigure.SpringBootDependencyInjectionTestExecutionListener@5598dff2, org.springframework.test.context.support.DirtiesContextTestExecutionListener@92b1bda, org.springframework.test.context.transaction.TransactionalTestExecutionListener@57bfca3a, org.springframework.test.context.jdbc.SqlScriptsTestExecutionListener@58690f5e, org.springframework.test.context.event.EventPublishingTestExecutionListener@4b9d2cee, org.springframework.boot.test.mock.mockito.ResetMocksTestExecutionListener@1a390b8c, org.springframework.boot.test.autoconfigure.restdocs.RestDocsTestExecutionListener@337eeceb, org.springframework.boot.test.autoconfigure.web.client.MockRestServiceServerResetTestExecutionListener@237d0625, org.springframework.boot.test.autoconfigure.web.servlet.MockMvcPrintOnlyOnFailureTestExecutionListener@1a5a4f8, org.springframework.boot.test.autoconfigure.web.servlet.WebDriverTestExecutionListener@5392aa2b, org.springframework.boot.test.autoconfigure.webservices.client.MockWebServiceServerTestExecutionListener@174f0d06]

  .   ____          _            __ _ _
 /\\ / ___'_ __ _ _(_)_ __  __ _ \ \ \ \
( ( )\___ | '_ | '_| | '_ \/ _` | \ \ \ \
 \\/  ___)| |_)| | | | | || (_| |  ) ) ) )
  '  |____| .__|_| |_|_| |_\__, | / / / /
 =========|_|==============|___/=/_/_/_/
 :: Spring Boot ::                (v2.4.8)

2021-09-20 20:45:24.028  INFO 43112 --- [           main] c.c.r.ris.api.MessageHistoryQueryTest    : Starting MessageHistoryQueryTest using Java 14.0.2 on HENRY with PID 43112 (started by Steve in C:\work\datasages\railwaynet-initialization-server\ris\api)
2021-09-20 20:45:24.028  INFO 43112 --- [           main] c.c.r.ris.api.MessageHistoryQueryTest    : The following profiles are active: test
2021-09-20 20:45:24.363  INFO 43112 --- [           main] c.c.r.ris.api.MessageHistoryQueryTest    : Started MessageHistoryQueryTest in 0.384 seconds (JVM running for 7.108)
]]></system-out>
  </testcase>
  <testcase name="allHistory" classname="com.collins.railwaynet.ris.api.MessageHistoryQueryTest" time="0.013"/>
  <testcase name="lastAfterLog2" classname="com.collins.railwaynet.ris.api.MessageHistoryQueryTest" time="0.008"/>
  <testcase name="beforeLog3" classname="com.collins.railwaynet.ris.api.MessageHistoryQueryTest" time="0.011"/>
  <testcase name="afterLog2" classname="com.collins.railwaynet.ris.api.MessageHistoryQueryTest" time="0.009"/>
</testsuite>